Running: C:\Xilinx\14.7\ISE_DS\ISE\bin\nt64\unwrapped\fuse.exe -intstyle ise -incremental -lib secureip -o C:/Users/pkq500/seven_segment/seven_segment_decoder_tb_isim_beh.exe -prj C:/Users/pkq500/seven_segment/seven_segment_decoder_tb_beh.prj work.seven_segment_decoder_tb 
ISim P.20131013 (signature 0x7708f090)
Number of CPUs detected in this system: 12
Turning on mult-threading, number of parallel sub-compilation jobs: 24 
Determining compilation order of HDL files
Parsing VHDL file "C:/Users/pkq500/seven_segment/seven_segment_decoder.vhf" into library work
Parsing VHDL file "C:/Users/pkq500/seven_segment/TB/seven_segement_decoder_TB.vhd" into library work
Starting static elaboration
Completed static elaboration
Compiling package standard
Compiling package std_logic_1164
Compiling package numeric_std
Compiling package vcomponents
Compiling architecture or2_v of entity OR2 [or2_default]
Compiling architecture buf_v of entity BUF [buf_default]
Compiling architecture or3_v of entity OR3 [or3_default]
Compiling architecture or5_v of entity OR5 [or5_default]
Compiling architecture or4_v of entity OR4 [or4_default]
Compiling architecture behavioral of entity seven_segment_decoder [seven_segment_decoder_default]
Compiling architecture behavioral of entity seven_segment_decoder_tb
Time Resolution for simulation is 1ps.
Compiled 17 VHDL Units
Built simulation executable C:/Users/pkq500/seven_segment/seven_segment_decoder_tb_isim_beh.exe
Fuse Memory Usage: 50336 KB
Fuse CPU Usage: 374 ms
