Release 14.7 - xst P.20131013 (nt64)
Copyright (c) 1995-2013 Xilinx, Inc.  All rights reserved.
--> Parameter TMPDIR set to xst/projnav.tmp


Total REAL time to Xst completion: 0.00 secs
Total CPU time to Xst completion: 0.10 secs
 
--> Parameter xsthdpdir set to xst


Total REAL time to Xst completion: 0.00 secs
Total CPU time to Xst completion: 0.10 secs
 
--> Reading design: top_level.prj

TABLE OF CONTENTS
  1) Synthesis Options Summary
  2) HDL Parsing
  3) HDL Elaboration
  4) HDL Synthesis
       4.1) HDL Synthesis Report
  5) Advanced HDL Synthesis
       5.1) Advanced HDL Synthesis Report
  6) Low Level Synthesis
  7) Partition Report
  8) Design Summary
       8.1) Primitive and Black Box Usage
       8.2) Device utilization summary
       8.3) Partition Resource Summary
       8.4) Timing Report
            8.4.1) Clock Information
            8.4.2) Asynchronous Control Signals Information
            8.4.3) Timing Summary
            8.4.4) Timing Details
            8.4.5) Cross Clock Domains Report


=========================================================================
*                      Synthesis Options Summary                        *
=========================================================================
---- Source Parameters
Input File Name                    : "top_level.prj"
Ignore Synthesis Constraint File   : NO

---- Target Parameters
Output File Name                   : "top_level"
Output Format                      : NGC
Target Device                      : xc7z010-3-clg400

---- Source Options
Top Module Name                    : top_level
Automatic FSM Extraction           : YES
FSM Encoding Algorithm             : Auto
Safe Implementation                : No
FSM Style                          : LUT
RAM Extraction                     : Yes
RAM Style                          : Auto
ROM Extraction                     : Yes
Shift Register Extraction          : YES
ROM Style                          : Auto
Resource Sharing                   : YES
Asynchronous To Synchronous        : NO
Shift Register Minimum Size        : 2
Use DSP Block                      : Auto
Automatic Register Balancing       : No

---- Target Options
LUT Combining                      : Auto
Reduce Control Sets                : Auto
Add IO Buffers                     : YES
Global Maximum Fanout              : 100000
Add Generic Clock Buffer(BUFG)     : 32
Register Duplication               : YES
Optimize Instantiated Primitives   : NO
Use Clock Enable                   : Auto
Use Synchronous Set                : Auto
Use Synchronous Reset              : Auto
Pack IO Registers into IOBs        : Auto
Equivalent register Removal        : YES

---- General Options
Optimization Goal                  : Speed
Optimization Effort                : 1
Power Reduction                    : NO
Keep Hierarchy                     : No
Netlist Hierarchy                  : As_Optimized
RTL Output                         : Yes
Global Optimization                : AllClockNets
Read Cores                         : YES
Write Timing Constraints           : NO
Cross Clock Analysis               : NO
Hierarchy Separator                : /
Bus Delimiter                      : <>
Case Specifier                     : Maintain
Slice Utilization Ratio            : 100
BRAM Utilization Ratio             : 100
DSP48 Utilization Ratio            : 100
Auto BRAM Packing                  : NO
Slice Utilization Ratio Delta      : 5

=========================================================================


=========================================================================
*                          HDL Parsing                                  *
=========================================================================
Parsing VHDL file "C:\Users\pkq500\seven_segment\seven_segment_decoder.vhf" into library work
Parsing entity <seven_segment_decoder>.
Parsing architecture <BEHAVIORAL> of entity <seven_segment_decoder>.
Parsing VHDL file "C:\Users\pkq500\seven_segment\onehot_decoder_8.vhf" into library work
Parsing entity <onehot_decoder_8>.
Parsing architecture <BEHAVIORAL> of entity <onehot_decoder_8>.
Parsing VHDL file "C:\Users\pkq500\seven_segment\onehot_encoder_8.vhf" into library work
Parsing entity <onehot_encoder_8>.
Parsing architecture <BEHAVIORAL> of entity <onehot_encoder_8>.
Parsing VHDL file "C:\Users\pkq500\seven_segment\binary_to_7seg_decoder.vhf" into library work
Parsing entity <seven_segment_decoder_MUSER_binary_to_7seg_decoder>.
Parsing architecture <BEHAVIORAL> of entity <seven_segment_decoder_muser_binary_to_7seg_decoder>.
Parsing entity <onehot_decoder_8_MUSER_binary_to_7seg_decoder>.
Parsing architecture <BEHAVIORAL> of entity <onehot_decoder_8_muser_binary_to_7seg_decoder>.
Parsing entity <binary_to_7seg_decoder>.
Parsing architecture <BEHAVIORAL> of entity <binary_to_7seg_decoder>.
Parsing VHDL file "C:\Users\pkq500\seven_segment\top_level.vhf" into library work
Parsing entity <OR8_HXILINX_top_level>.
Parsing architecture <OR8_HXILINX_top_level_V> of entity <or8_hxilinx_top_level>.
Parsing entity <seven_segment_decoder_MUSER_top_level>.
Parsing architecture <BEHAVIORAL> of entity <seven_segment_decoder_muser_top_level>.
Parsing entity <onehot_decoder_8_MUSER_top_level>.
Parsing architecture <BEHAVIORAL> of entity <onehot_decoder_8_muser_top_level>.
Parsing entity <binary_to_7seg_decoder_MUSER_top_level>.
Parsing architecture <BEHAVIORAL> of entity <binary_to_7seg_decoder_muser_top_level>.
Parsing entity <onehot_encoder_8_MUSER_top_level>.
Parsing architecture <BEHAVIORAL> of entity <onehot_encoder_8_muser_top_level>.
Parsing entity <top_level>.
Parsing architecture <BEHAVIORAL> of entity <top_level>.

=========================================================================
*                            HDL Elaboration                            *
=========================================================================

Elaborating entity <top_level> (architecture <BEHAVIORAL>) from library <work>.

Elaborating entity <onehot_encoder_8_MUSER_top_level> (architecture <BEHAVIORAL>) from library <work>.

Elaborating entity <OR8_HXILINX_top_level> (architecture <OR8_HXILINX_top_level_V>) from library <work>.

Elaborating entity <binary_to_7seg_decoder_MUSER_top_level> (architecture <BEHAVIORAL>) from library <work>.

Elaborating entity <onehot_decoder_8_MUSER_top_level> (architecture <BEHAVIORAL>) from library <work>.

Elaborating entity <seven_segment_decoder_MUSER_top_level> (architecture <BEHAVIORAL>) from library <work>.

=========================================================================
*                           HDL Synthesis                               *
=========================================================================

Synthesizing Unit <top_level>.
    Related source file is "C:\Users\pkq500\seven_segment\top_level.vhf".
    Set property "HU_SET = XLXI_26_0" for instance <XLXI_26>.
    Summary:
	no macro.
Unit <top_level> synthesized.

Synthesizing Unit <onehot_encoder_8_MUSER_top_level>.
    Related source file is "C:\Users\pkq500\seven_segment\top_level.vhf".
WARNING:Xst:647 - Input <A> is never used. This port will be preserved and left unconnected if it belongs to a top-level block or it belongs to a sub-block and the hierarchy of this sub-block is preserved.
    Summary:
	no macro.
Unit <onehot_encoder_8_MUSER_top_level> synthesized.

Synthesizing Unit <OR8_HXILINX_top_level>.
    Related source file is "C:\Users\pkq500\seven_segment\top_level.vhf".
    Summary:
	no macro.
Unit <OR8_HXILINX_top_level> synthesized.

Synthesizing Unit <binary_to_7seg_decoder_MUSER_top_level>.
    Related source file is "C:\Users\pkq500\seven_segment\top_level.vhf".
    Summary:
	no macro.
Unit <binary_to_7seg_decoder_MUSER_top_level> synthesized.

Synthesizing Unit <onehot_decoder_8_MUSER_top_level>.
    Related source file is "C:\Users\pkq500\seven_segment\top_level.vhf".
    Summary:
	no macro.
Unit <onehot_decoder_8_MUSER_top_level> synthesized.

Synthesizing Unit <seven_segment_decoder_MUSER_top_level>.
    Related source file is "C:\Users\pkq500\seven_segment\top_level.vhf".
    Summary:
	no macro.
Unit <seven_segment_decoder_MUSER_top_level> synthesized.

=========================================================================
HDL Synthesis Report

Found no macro
=========================================================================

=========================================================================
*                       Advanced HDL Synthesis                          *
=========================================================================


=========================================================================
Advanced HDL Synthesis Report

Found no macro
=========================================================================

=========================================================================
*                         Low Level Synthesis                           *
=========================================================================

Optimizing unit <top_level> ...

Optimizing unit <onehot_decoder_8_MUSER_top_level> ...

Optimizing unit <OR8_HXILINX_top_level> ...

Mapping all equations...
Building and optimizing final netlist ...
Found area constraint ratio of 100 (+ 5) on block top_level, actual ratio is 0.

Final Macro Processing ...

=========================================================================
Final Register Report

Found no macro
=========================================================================

=========================================================================
*                           Partition Report                            *
=========================================================================

Partition Implementation Status
-------------------------------

  No Partitions were found in this design.

-------------------------------

=========================================================================
*                            Design Summary                             *
=========================================================================

Top Level Output File Name         : top_level.ngc

Primitive and Black Box Usage:
------------------------------
# BELS                             : 36
#      AND3                        : 8
#      BUF                         : 4
#      GND                         : 1
#      INV                         : 12
#      LUT3                        : 1
#      LUT6                        : 1
#      OR2                         : 2
#      OR3                         : 2
#      OR4                         : 4
#      OR5                         : 1
# IO Buffers                       : 20
#      IBUF                        : 8
#      OBUF                        : 12

Device utilization summary:
---------------------------

Selected Device : 7z010clg400-3 


Slice Logic Utilization: 
 Number of Slice LUTs:                   14  out of  17600     0%  
    Number used as Logic:                14  out of  17600     0%  

Slice Logic Distribution: 
 Number of LUT Flip Flop pairs used:     14
   Number with an unused Flip Flop:      14  out of     14   100%  
   Number with an unused LUT:             0  out of     14     0%  
   Number of fully used LUT-FF pairs:     0  out of     14     0%  
   Number of unique control sets:         0

IO Utilization: 
 Number of IOs:                          20
 Number of bonded IOBs:                  20  out of    100    20%  

Specific Feature Utilization:

---------------------------
Partition Resource Summary:
---------------------------

  No Partitions were found in this design.

---------------------------


=========================================================================
Timing Report

NOTE: THESE TIMING NUMBERS ARE ONLY A SYNTHESIS ESTIMATE.
      FOR ACCURATE TIMING INFORMATION PLEASE REFER TO THE TRACE REPORT
      GENERATED AFTER PLACE-and-ROUTE.

Clock Information:
------------------
No clock signals found in this design

Asynchronous Control Signals Information:
----------------------------------------
No asynchronous control signals found in this design

Timing Summary:
---------------
Speed Grade: -3

   Minimum period: No path found
   Minimum input arrival time before clock: No path found
   Maximum output required time after clock: No path found
   Maximum combinational path delay: 3.312ns

Timing Details:
---------------
All values displayed in nanoseconds (ns)

=========================================================================
Timing constraint: Default path analysis
  Total number of paths / destination ports: 256 / 9
-------------------------------------------------------------------------
Delay:               3.312ns (Levels of Logic = 7)
  Source:            SW_H (PAD)
  Destination:       G (PAD)

  Data Path: SW_H to G
                                Gate     Net
    Cell:in->out      fanout   Delay   Delay  Logical Name (Net Name)
    ----------------------------------------  ------------
     IBUF:I->O             1   0.000   0.279  SW_H_IBUF (SW_H_IBUF)
     INV:I->O              4   0.314   0.564  XLXI_12 (XLXN_127)
     OR4:I0->O             5   0.043   0.298  XLXI_3/XLXI_11 (XLXN_128)
     INV:I->O              4   0.314   0.470  XLXI_50/XLXI_1/XLXI_21 (XLXI_50/XLXI_1/XLXN_33)
     AND3:I2->O            5   0.137   0.447  XLXI_50/XLXI_1/XLXI_28 (XLXI_50/D1)
     OR4:I3->O             1   0.165   0.279  XLXI_50/XLXI_3/XLXI_9 (F_OBUF)
     OBUF:I->O                 0.000          F_OBUF (F)
    ----------------------------------------
    Total                      3.312ns (0.973ns logic, 2.339ns route)
                                       (29.4% logic, 70.6% route)

=========================================================================

Cross Clock Domains Report:
--------------------------

=========================================================================


Total REAL time to Xst completion: 7.00 secs
Total CPU time to Xst completion: 6.58 secs
 
--> 

Total memory usage is 4635336 kilobytes

Number of errors   :    0 (   0 filtered)
Number of warnings :    1 (   0 filtered)
Number of infos    :    0 (   0 filtered)

