--------------------------------------------------------------------------------
Release 14.7 Trace  (nt64)
Copyright (c) 1995-2013 Xilinx, Inc.  All rights reserved.

C:\Xilinx\14.7\ISE_DS\ISE\bin\nt64\unwrapped\trce.exe -intstyle ise -v 3 -s 3
-n 3 -fastpaths -xml top_level.twx top_level.ncd -o top_level.twr top_level.pcf

Design file:              top_level.ncd
Physical constraint file: top_level.pcf
Device,package,speed:     xc7z010,clg400,C,-3 (PRELIMINARY 1.08 2013-10-13)
Report level:             verbose report

Environment Variable      Effect 
--------------------      ------ 
NONE                      No environment variables were set
--------------------------------------------------------------------------------

INFO:Timing:2698 - No timing constraints found, doing default enumeration.
INFO:Timing:3412 - To improve timing, see the Timing Closure User Guide (UG612).
INFO:Timing:2752 - To get complete path coverage, use the unconstrained paths 
   option. All paths that are not constrained will be reported in the 
   unconstrained paths section(s) of the report.
INFO:Timing:3339 - The clock-to-out numbers in this timing report are based on 
   a 50 Ohm transmission line loading model.  For the details of this model, 
   and for more information on accounting for different loading conditions, 
   please see the device datasheet.



Data Sheet report:
-----------------
All values displayed in nanoseconds (ns)

Pad to Pad
---------------+---------------+---------+
Source Pad     |Destination Pad|  Delay  |
---------------+---------------+---------+
SW_A           |GREEN          |    8.055|
SW_A           |RED            |    7.626|
SW_B           |A              |    8.421|
SW_B           |B              |    8.420|
SW_B           |C              |    7.766|
SW_B           |D              |    8.867|
SW_B           |E              |    8.708|
SW_B           |F              |    8.699|
SW_B           |G              |    9.085|
SW_B           |GREEN          |    8.138|
SW_B           |RED            |    7.709|
SW_C           |A              |    8.154|
SW_C           |B              |    8.254|
SW_C           |C              |    7.702|
SW_C           |D              |    8.234|
SW_C           |E              |    8.075|
SW_C           |F              |    8.017|
SW_C           |G              |    8.385|
SW_C           |GREEN          |    7.602|
SW_C           |RED            |    7.173|
SW_D           |A              |    8.232|
SW_D           |B              |    8.332|
SW_D           |C              |    7.780|
SW_D           |D              |    8.418|
SW_D           |E              |    8.259|
SW_D           |F              |    8.250|
SW_D           |G              |    8.636|
SW_D           |GREEN          |    7.588|
SW_D           |RED            |    7.159|
SW_E           |A              |    8.667|
SW_E           |B              |    8.597|
SW_E           |C              |    7.938|
SW_E           |D              |    9.113|
SW_E           |E              |    8.954|
SW_E           |F              |    8.954|
SW_E           |G              |    9.340|
SW_E           |GREEN          |    8.142|
SW_E           |RED            |    7.713|
SW_F           |A              |    8.381|
SW_F           |B              |    8.380|
SW_F           |C              |    7.726|
SW_F           |D              |    8.827|
SW_F           |E              |    8.668|
SW_F           |F              |    8.659|
SW_F           |G              |    9.045|
SW_F           |GREEN          |    8.002|
SW_F           |RED            |    7.573|
SW_G           |A              |    8.517|
SW_G           |B              |    8.617|
SW_G           |C              |    8.065|
SW_G           |D              |    8.722|
SW_G           |E              |    8.563|
SW_G           |F              |    8.563|
SW_G           |G              |    8.949|
SW_G           |GREEN          |    7.477|
SW_G           |RED            |    7.048|
SW_H           |A              |    8.503|
SW_H           |B              |    8.603|
SW_H           |C              |    8.051|
SW_H           |D              |    8.863|
SW_H           |E              |    8.704|
SW_H           |F              |    8.695|
SW_H           |G              |    9.081|
SW_H           |GREEN          |    7.677|
SW_H           |RED            |    7.248|
---------------+---------------+---------+


Analysis completed Thu Feb 29 10:36:14 2024 
--------------------------------------------------------------------------------

Trace Settings:
-------------------------
Trace Settings 

Peak Memory Usage: 4941 MB



