Running: C:\Xilinx\14.7\ISE_DS\ISE\bin\nt64\unwrapped\fuse.exe -intstyle ise -incremental -lib secureip -o C:/Users/pkq500/bug_trap_v2/bug_trap_controller_tb_isim_beh.exe -prj C:/Users/pkq500/bug_trap_v2/bug_trap_controller_tb_beh.prj work.bug_trap_controller_tb 
ISim P.20131013 (signature 0x7708f090)
Number of CPUs detected in this system: 12
Turning on mult-threading, number of parallel sub-compilation jobs: 24 
Determining compilation order of HDL files
Parsing VHDL file "C:/Users/pkq500/bug_trap_v2/mux_2.vhf" into library work
Parsing VHDL file "C:/Users/pkq500/bug_trap_v2/bug_trap_controller.vhf" into library work
Parsing VHDL file "C:/Users/pkq500/bug_trap_v2/TB/bug_trap_TB.vhd" into library work
Starting static elaboration
Completed static elaboration
Compiling package standard
Compiling package std_logic_1164
Compiling package numeric_std
Compiling package vcomponents
Compiling architecture and2_v of entity AND2 [and2_default]
Compiling architecture or2_v of entity OR2 [or2_default]
Compiling architecture inv_v of entity INV [inv_default]
Compiling architecture behavioral of entity mux_2 [mux_2_default]
Compiling architecture buf_v of entity BUF [buf_default]
Compiling architecture vcc_v of entity VCC [vcc_default]
Compiling architecture gnd_v of entity GND [gnd_default]
Compiling architecture xor2_v of entity XOR2 [xor2_default]
Compiling architecture behavioral of entity bug_trap_controller [bug_trap_controller_default]
Compiling architecture behavioral of entity bug_trap_controller_tb
Time Resolution for simulation is 1ps.
Compiled 23 VHDL Units
Built simulation executable C:/Users/pkq500/bug_trap_v2/bug_trap_controller_tb_isim_beh.exe
Fuse Memory Usage: 49904 KB
Fuse CPU Usage: 405 ms
