Release 14.7 - xst P.20131013 (nt64)
Copyright (c) 1995-2013 Xilinx, Inc.  All rights reserved.
--> Parameter TMPDIR set to xst/projnav.tmp


Total REAL time to Xst completion: 0.00 secs
Total CPU time to Xst completion: 0.10 secs
 
--> Parameter xsthdpdir set to xst


Total REAL time to Xst completion: 0.00 secs
Total CPU time to Xst completion: 0.10 secs
 
--> Reading design: top_level.prj

TABLE OF CONTENTS
  1) Synthesis Options Summary
  2) HDL Parsing
  3) HDL Elaboration
  4) HDL Synthesis
       4.1) HDL Synthesis Report
  5) Advanced HDL Synthesis
       5.1) Advanced HDL Synthesis Report
  6) Low Level Synthesis
  7) Partition Report
  8) Design Summary
       8.1) Primitive and Black Box Usage
       8.2) Device utilization summary
       8.3) Partition Resource Summary
       8.4) Timing Report
            8.4.1) Clock Information
            8.4.2) Asynchronous Control Signals Information
            8.4.3) Timing Summary
            8.4.4) Timing Details
            8.4.5) Cross Clock Domains Report


=========================================================================
*                      Synthesis Options Summary                        *
=========================================================================
---- Source Parameters
Input File Name                    : "top_level.prj"
Ignore Synthesis Constraint File   : NO

---- Target Parameters
Output File Name                   : "top_level"
Output Format                      : NGC
Target Device                      : xc7z010-3-clg400

---- Source Options
Top Module Name                    : top_level
Automatic FSM Extraction           : YES
FSM Encoding Algorithm             : Auto
Safe Implementation                : No
FSM Style                          : LUT
RAM Extraction                     : Yes
RAM Style                          : Auto
ROM Extraction                     : Yes
Shift Register Extraction          : YES
ROM Style                          : Auto
Resource Sharing                   : YES
Asynchronous To Synchronous        : NO
Shift Register Minimum Size        : 2
Use DSP Block                      : Auto
Automatic Register Balancing       : No

---- Target Options
LUT Combining                      : Auto
Reduce Control Sets                : Auto
Add IO Buffers                     : YES
Global Maximum Fanout              : 100000
Add Generic Clock Buffer(BUFG)     : 32
Register Duplication               : YES
Optimize Instantiated Primitives   : NO
Use Clock Enable                   : Auto
Use Synchronous Set                : Auto
Use Synchronous Reset              : Auto
Pack IO Registers into IOBs        : Auto
Equivalent register Removal        : YES

---- General Options
Optimization Goal                  : Speed
Optimization Effort                : 1
Power Reduction                    : NO
Keep Hierarchy                     : No
Netlist Hierarchy                  : As_Optimized
RTL Output                         : Yes
Global Optimization                : AllClockNets
Read Cores                         : YES
Write Timing Constraints           : NO
Cross Clock Analysis               : NO
Hierarchy Separator                : /
Bus Delimiter                      : <>
Case Specifier                     : Maintain
Slice Utilization Ratio            : 100
BRAM Utilization Ratio             : 100
DSP48 Utilization Ratio            : 100
Auto BRAM Packing                  : NO
Slice Utilization Ratio Delta      : 5

---- Other Options
Cores Search Directories           : {"virtual_wires"  }

=========================================================================


=========================================================================
*                          HDL Parsing                                  *
=========================================================================
Parsing VHDL file "C:\Users\pkq500\bug_trap_v2\mux_2.vhf" into library work
Parsing entity <mux_2>.
Parsing architecture <BEHAVIORAL> of entity <mux_2>.
Parsing VHDL file "C:\Users\pkq500\bug_trap_v2\virtual_wires\virtual_wires.vhd" into library work
Parsing entity <virtual_wires>.
Parsing architecture <virtual_wires_arch> of entity <virtual_wires>.
Parsing VHDL file "C:\Users\pkq500\bug_trap_v2\clock_divider.vhf" into library work
Parsing entity <CB16CE_HXILINX_clock_divider>.
Parsing architecture <Behavioral> of entity <cb16ce_hxilinx_clock_divider>.
Parsing entity <clock_divider>.
Parsing architecture <BEHAVIORAL> of entity <clock_divider>.
Parsing VHDL file "C:\Users\pkq500\bug_trap_v2\bug_trap_controller.vhf" into library work
Parsing entity <bug_trap_controller>.
Parsing architecture <BEHAVIORAL> of entity <bug_trap_controller>.
Parsing VHDL file "C:\Users\pkq500\bug_trap_v2\top_level.vhf" into library work
Parsing entity <CB16CE_HXILINX_top_level>.
Parsing architecture <Behavioral> of entity <cb16ce_hxilinx_top_level>.
Parsing entity <bug_trap_controller_MUSER_top_level>.
Parsing architecture <BEHAVIORAL> of entity <bug_trap_controller_muser_top_level>.
Parsing entity <clock_divider_MUSER_top_level>.
Parsing architecture <BEHAVIORAL> of entity <clock_divider_muser_top_level>.
Parsing entity <top_level>.
Parsing architecture <BEHAVIORAL> of entity <top_level>.

=========================================================================
*                            HDL Elaboration                            *
=========================================================================

Elaborating entity <top_level> (architecture <BEHAVIORAL>) from library <work>.

Elaborating entity <clock_divider_MUSER_top_level> (architecture <BEHAVIORAL>) from library <work>.

Elaborating entity <CB16CE_HXILINX_top_level> (architecture <Behavioral>) from library <work>.

Elaborating entity <virtual_wires> (architecture <virtual_wires_arch>) from library <work>.
WARNING:HDLCompiler:89 - "C:\Users\pkq500\bug_trap_v2\virtual_wires\virtual_wires.vhd" Line 71: <picoblze_top_level> remains a black-box since it has no binding entity.

Elaborating entity <bug_trap_controller_MUSER_top_level> (architecture <BEHAVIORAL>) from library <work>.

Elaborating entity <mux_2> (architecture <BEHAVIORAL>) from library <work>.

=========================================================================
*                           HDL Synthesis                               *
=========================================================================

Synthesizing Unit <top_level>.
    Related source file is "C:\Users\pkq500\bug_trap_v2\top_level.vhf".
    Summary:
	no macro.
Unit <top_level> synthesized.

Synthesizing Unit <clock_divider_MUSER_top_level>.
    Related source file is "C:\Users\pkq500\bug_trap_v2\top_level.vhf".
    Set property "HU_SET = XLXI_3_2" for instance <XLXI_3>.
    Set property "HU_SET = XLXI_4_3" for instance <XLXI_4>.
INFO:Xst:3210 - "C:\Users\pkq500\bug_trap_v2\top_level.vhf" line 261: Output port <Q> of the instance <XLXI_3> is unconnected or connected to loadless signal.
INFO:Xst:3210 - "C:\Users\pkq500\bug_trap_v2\top_level.vhf" line 261: Output port <TC> of the instance <XLXI_3> is unconnected or connected to loadless signal.
INFO:Xst:3210 - "C:\Users\pkq500\bug_trap_v2\top_level.vhf" line 269: Output port <CEO> of the instance <XLXI_4> is unconnected or connected to loadless signal.
INFO:Xst:3210 - "C:\Users\pkq500\bug_trap_v2\top_level.vhf" line 269: Output port <TC> of the instance <XLXI_4> is unconnected or connected to loadless signal.
    Summary:
	no macro.
Unit <clock_divider_MUSER_top_level> synthesized.

Synthesizing Unit <CB16CE_HXILINX_top_level>.
    Related source file is "C:\Users\pkq500\bug_trap_v2\top_level.vhf".
    Found 16-bit register for signal <COUNT>.
    Found 16-bit adder for signal <COUNT[15]_GND_9_o_add_0_OUT> created at line 53.
    Summary:
	inferred   1 Adder/Subtractor(s).
	inferred  16 D-type flip-flop(s).
Unit <CB16CE_HXILINX_top_level> synthesized.

Synthesizing Unit <virtual_wires>.
    Related source file is "C:\Users\pkq500\bug_trap_v2\virtual_wires\virtual_wires.vhd".
    Found 1-bit tristate buffer for signal <i2c_scl_io> created at line 123
    Found 1-bit tristate buffer for signal <i2c_sda_io> created at line 124
    Found 1-bit tristate buffer for signal <pio_C_io<0>> created at line 52
    Found 1-bit tristate buffer for signal <pio_C_io<1>> created at line 52
    Found 1-bit tristate buffer for signal <pio_C_io<2>> created at line 52
    Found 1-bit tristate buffer for signal <pio_C_io<3>> created at line 52
    Found 1-bit tristate buffer for signal <pio_C_io<4>> created at line 52
    Found 1-bit tristate buffer for signal <pio_C_io<5>> created at line 52
    Found 1-bit tristate buffer for signal <pio_C_io<6>> created at line 52
    Found 1-bit tristate buffer for signal <pio_C_io<7>> created at line 52
    Summary:
	inferred  10 Tristate(s).
Unit <virtual_wires> synthesized.

Synthesizing Unit <bug_trap_controller_MUSER_top_level>.
    Related source file is "C:\Users\pkq500\bug_trap_v2\top_level.vhf".
    Summary:
	no macro.
Unit <bug_trap_controller_MUSER_top_level> synthesized.

Synthesizing Unit <mux_2>.
    Related source file is "C:\Users\pkq500\bug_trap_v2\mux_2.vhf".
    Summary:
	no macro.
Unit <mux_2> synthesized.

=========================================================================
HDL Synthesis Report

Macro Statistics
# Adders/Subtractors                                   : 2
 16-bit adder                                          : 2
# Registers                                            : 2
 16-bit register                                       : 2
# Tristates                                            : 10
 1-bit tristate buffer                                 : 10

=========================================================================

=========================================================================
*                       Advanced HDL Synthesis                          *
=========================================================================

Reading core <virtual_wires/picoblze_top_level.ngc>.
Loading core <picoblze_top_level> for timing and area information for instance <SYSTEM>.

Synthesizing (advanced) Unit <CB16CE_HXILINX_top_level>.
The following registers are absorbed into counter <COUNT>: 1 register on signal <COUNT>.
Unit <CB16CE_HXILINX_top_level> synthesized (advanced).

=========================================================================
Advanced HDL Synthesis Report

Macro Statistics
# Counters                                             : 2
 16-bit up counter                                     : 2

=========================================================================

=========================================================================
*                         Low Level Synthesis                           *
=========================================================================

ERROR:Xst:528 - Multi-source in Unit <bug_trap_controller_MUSER_top_level> on signal <XLXN_90>; this signal is connected to multiple drivers.
Drivers are: 
   Output signal of OR2 instance <CONTROLLER/MUX_D/XLXI_18>
   Output signal of OR2 instance <CONTROLLER/MUX_A/XLXI_18>


Total REAL time to Xst completion: 7.00 secs
Total CPU time to Xst completion: 7.69 secs
 
--> 

Total memory usage is 4636536 kilobytes

Number of errors   :    1 (   0 filtered)
Number of warnings :    1 (   0 filtered)
Number of infos    :    4 (   0 filtered)

