Release 14.7 Map P.20131013 (nt64)
Xilinx Mapping Report File for Design 'top_level'

Design Information
------------------
Command Line   : map -intstyle ise -p xc7z010-clg400-3 -w -logic_opt off -ol
high -t 1 -xt 0 -register_duplication off -r 4 -mt off -ir off -pr off -lc off
-power off -o top_level_map.ncd top_level.ngd top_level.pcf 
Target Device  : xc7z010
Target Package : clg400
Target Speed   : -3
Mapper Version : zynq -- $Revision: 1.55 $
Mapped Date    : Thu Feb 22 10:59:18 2024

Design Summary
--------------
Number of errors:      0
Number of warnings:    1
Slice Logic Utilization:
  Number of Slice Registers:                   323 out of  35,200    1%
    Number used as Flip Flops:                 323
    Number used as Latches:                      0
    Number used as Latch-thrus:                  0
    Number used as AND/OR logics:                0
  Number of Slice LUTs:                        375 out of  17,600    2%
    Number used as logic:                      339 out of  17,600    1%
      Number using O6 output only:             222
      Number using O5 output only:              27
      Number using O5 and O6:                   90
      Number used as ROM:                        0
    Number used as Memory:                      32 out of   6,000    1%
      Number used as Dual Port RAM:              8
        Number using O6 output only:             0
        Number using O5 output only:             0
        Number using O5 and O6:                  8
      Number used as Single Port RAM:           24
        Number using O6 output only:             8
        Number using O5 output only:             0
        Number using O5 and O6:                 16
      Number used as Shift Register:             0
    Number used exclusively as route-thrus:      4
      Number with same-slice register load:      1
      Number with same-slice carry load:         3
      Number with other load:                    0

Slice Logic Distribution:
  Number of occupied Slices:                   191 out of   4,400    4%
  Number of LUT Flip Flop pairs used:          479
    Number with an unused Flip Flop:           184 out of     479   38%
    Number with an unused LUT:                 104 out of     479   21%
    Number of fully used LUT-FF pairs:         191 out of     479   39%
    Number of unique control sets:              43
    Number of slice register sites lost
      to control set restrictions:             109 out of  35,200    1%

  A LUT Flip Flop pair for this architecture represents one LUT paired with
  one Flip Flop within a slice.  A control set is a unique combination of
  clock, reset, set, and enable signals for a registered element.
  The Slice Logic Distribution report is not meaningful if the design is
  over-mapped for a non-slice resource or if Placement fails.
  OVERMAPPING of BRAM resources should be ignored if the design is
  over-mapped for a non-BRAM resource or if placement fails.

IO Utilization:
  Number of bonded IOBs:                        40 out of     100   40%
    Number of LOCed IOBs:                       40 out of      40  100%

Specific Feature Utilization:
  Number of RAMB36E1/FIFO36E1s:                  2 out of      60    3%
    Number using RAMB36E1 only:                  2
    Number using FIFO36E1 only:                  0
  Number of RAMB18E1/FIFO18E1s:                  0 out of     120    0%
  Number of BUFG/BUFGCTRLs:                      2 out of      32    6%
    Number used as BUFGs:                        2
    Number used as BUFGCTRLs:                    0
  Number of IDELAYE2/IDELAYE2_FINEDELAYs:        0 out of     100    0%
  Number of ILOGICE2/ILOGICE3/ISERDESE2s:        0 out of     100    0%
  Number of ODELAYE2/ODELAYE2_FINEDELAYs:        0
  Number of OLOGICE2/OLOGICE3/OSERDESE2s:        8 out of     100    8%
    Number used as OLOGICE2s:                    8
    Number used as OLOGICE3s:                    0
    Number used as OSERDESE2s:                   0
  Number of PHASER_IN/PHASER_IN_PHYs:            0 out of       8    0%
  Number of PHASER_OUT/PHASER_OUT_PHYs:          0 out of       8    0%
  Number of BSCANs:                              0 out of       4    0%
  Number of BUFHCEs:                             0 out of      48    0%
  Number of BUFRs:                               0 out of       8    0%
  Number of CAPTUREs:                            0 out of       1    0%
  Number of DNA_PORTs:                           0 out of       1    0%
  Number of DSP48E1s:                            0 out of      80    0%
  Number of EFUSE_USRs:                          0 out of       1    0%
  Number of FRAME_ECCs:                          0 out of       1    0%
  Number of ICAPs:                               0 out of       2    0%
  Number of IDELAYCTRLs:                         0 out of       2    0%
  Number of IN_FIFOs:                            0 out of       8    0%
  Number of MMCME2_ADVs:                         1 out of       2   50%
  Number of OUT_FIFOs:                           0 out of       8    0%
  Number of PHASER_REFs:                         0 out of       2    0%
  Number of PHY_CONTROLs:                        0 out of       2    0%
  Number of PLLE2_ADVs:                          0 out of       2    0%
  Number of PS7s:                                0 out of       1    0%
  Number of STARTUPs:                            0 out of       1    0%
  Number of XADCs:                               0 out of       1    0%

Average Fanout of Non-Clock Nets:                3.76

Peak Memory Usage:  4984 MB
Total REAL time to MAP completion:  25 secs 
Total CPU time to MAP completion:   20 secs 

Table of Contents
-----------------
Section 1 - Errors
Section 2 - Warnings
Section 3 - Informational
Section 4 - Removed Logic Summary
Section 5 - Removed Logic
Section 6 - IOB Properties
Section 7 - RPMs
Section 8 - Guide Report
Section 9 - Area Group and Partition Summary
Section 10 - Timing Report
Section 11 - Configuration String Information
Section 12 - Control Set Information
Section 13 - Utilization by Hierarchy

Section 1 - Errors
------------------

Section 2 - Warnings
--------------------
WARNING:Security:43 - No license file was found in the standard Xilinx license
directory.
WARNING:Security:44 - Since no license file was found,
WARNING:Security:42 - Your software subscription period has lapsed. Your current
version of Xilinx tools will continue to function, but you no longer qualify for
Xilinx software updates or new releases.
WARNING:PhysDesignRules:2500 - This design does not have a PS7 block.
   Instantiate the PS7 block in order to ensure proper fabric tie-offs and
   correct operation of the processing_system7.

Section 3 - Informational
-------------------------
INFO:Security:50 - The XILINXD_LICENSE_FILE environment variable is set to
'2100@cslm0.its.york.ac.uk'.
INFO:Security:52 - The LM_LICENSE_FILE environment variable is set to
'1818@cslm0.its.york.ac.uk'.
INFO:Security:54 - 'xc7z010' is a WebPack part.
INFO:LIT:244 - All of the single ended outputs in this design are using slew
   rate limited output drivers. The delay on speed critical single ended outputs
   can be dramatically reduced by designating them as fast outputs.
INFO:Pack:1716 - Initializing temperature to 85.000 Celsius. (default - Range:
   0.000 to 85.000 Celsius)
INFO:Pack:1720 - Initializing voltage to 0.950 Volts. (default - Range: 0.950 to
   1.050 Volts)
INFO:Map:215 - The Interim Design Summary has been generated in the MAP Report
   (.mrp).
INFO:Pack:1650 - Map created a placed design.

Section 4 - Removed Logic Summary
---------------------------------
   4 block(s) removed
  11 block(s) optimized away
   3 signal(s) removed

Section 5 - Removed Logic
-------------------------

The trimmed logic report below shows the logic removed from your design due to
sourceless or loadless signals, and VCC or ground connections.  If the removal
of a signal or symbol results in the subsequent removal of an additional signal
or symbol, the message explaining that second removal will be indented.  This
indentation will be repeated as a chain of related logic is removed.

To quickly locate the original cause for the removal of a chain of logic, look
above the place where that logic is listed in the trimming report, then locate
the lines that are least indented (begin at the leftmost edge).

Loadless block "COMMS/SYSTEM/CPU/core_cpu/processor/interrupt_ack_flop" (FF)
removed.
Loadless block "COMMS/SYSTEM/CPU/core_cpu/processor/k_write_strobe_flop" (SFF)
removed.
 The signal "COMMS/SYSTEM/CPU/core_cpu/processor/k_write_strobe_value" is
loadless and has been removed.
Loadless block "COMMS/SYSTEM/CPU/core_cpu/processor/read_strobe_flop" (SFF)
removed.
 The signal "COMMS/SYSTEM/CPU/core_cpu/processor/read_strobe_value" is loadless
and has been removed.

The trimmed logic reported below is either:
   1. part of a cycle
   2. part of disabled logic
   3. a side-effect of other trimmed logic

The signal "CONTROLLER/MUX_B/XLXN_79" is unused and has been removed.
 Unused block "CONTROLLER/MUX_B/XLXI_19" (BUF) removed.

Optimized Block(s):
TYPE 		BLOCK
VCC 		CLOCK/XLXI_11
GND 		CLOCK/XLXI_3/XST_GND
VCC 		CLOCK/XLXI_3/XST_VCC
GND 		CLOCK/XLXI_4/XST_GND
VCC 		CLOCK/XLXI_4/XST_VCC
FD 		COMMS/SYSTEM/CPU/core_cpu/processor/sync_sleep_flop
   optimized to 0
GND 		COMMS/SYSTEM/XST_GND
VCC 		COMMS/SYSTEM/XST_VCC
AND2 		CONTROLLER/MUX_A/XLXI_20
AND2 		CONTROLLER/MUX_B/XLXI_17
GND 		XST_GND

To enable printing of redundant blocks removed and signals merged, set the
detailed map report option and rerun map.

Section 6 - IOB Properties
--------------------------

+---------------------------------------------------------------------------------------------------------------------------------------------------------+
| IOB Name                           | Type             | Direction | IO Standard          | Diff  | Drive    | Slew | Reg (s)      | Resistor | IOB      |
|                                    |                  |           |                      | Term  | Strength | Rate |              |          | Delay    |
+---------------------------------------------------------------------------------------------------------------------------------------------------------+
| LED_o<0>                           | IOB33            | OUTPUT    | LVCMOS33             |       | 12       | SLOW |              |          |          |
| LED_o<1>                           | IOB33            | OUTPUT    | LVCMOS33             |       | 12       | SLOW |              |          |          |
| clk_i                              | IOB33            | INPUT     | LVCMOS33             |       |          |      |              |          |          |
| i2c_scl_io                         | IOB33            | BIDIR     | LVCMOS33             |       | 12       | SLOW |              |          |          |
| i2c_sda_io                         | IOB33            | BIDIR     | LVCMOS33             |       | 12       | SLOW |              |          |          |
| pio_A_i<0>                         | IOB33            | INPUT     | LVCMOS33             |       |          |      |              |          |          |
| pio_A_i<1>                         | IOB33            | INPUT     | LVCMOS33             |       |          |      |              |          |          |
| pio_A_i<2>                         | IOB33            | INPUT     | LVCMOS33             |       |          |      |              |          |          |
| pio_A_i<3>                         | IOB33            | INPUT     | LVCMOS33             |       |          |      |              |          |          |
| pio_A_i<4>                         | IOB33            | INPUT     | LVCMOS33             |       |          |      |              |          |          |
| pio_A_i<5>                         | IOB33            | INPUT     | LVCMOS33             |       |          |      |              |          |          |
| pio_A_i<6>                         | IOB33            | INPUT     | LVCMOS33             |       |          |      |              |          |          |
| pio_B_o<0>                         | IOB33            | OUTPUT    | LVCMOS33             |       | 12       | SLOW |              |          |          |
| pio_B_o<1>                         | IOB33            | OUTPUT    | LVCMOS33             |       | 12       | SLOW |              |          |          |
| pio_B_o<2>                         | IOB33            | OUTPUT    | LVCMOS33             |       | 12       | SLOW |              |          |          |
| pio_B_o<3>                         | IOB33            | OUTPUT    | LVCMOS33             |       | 12       | SLOW |              |          |          |
| pio_B_o<4>                         | IOB33            | OUTPUT    | LVCMOS33             |       | 12       | SLOW |              |          |          |
| pio_B_o<5>                         | IOB33            | OUTPUT    | LVCMOS33             |       | 12       | SLOW |              |          |          |
| pio_B_o<6>                         | IOB33            | OUTPUT    | LVCMOS33             |       | 12       | SLOW |              |          |          |
| pio_C_io<0>                        | IOB33            | BIDIR     | LVCMOS33             |       | 12       | SLOW |              |          |          |
| pio_C_io<1>                        | IOB33            | BIDIR     | LVCMOS33             |       | 12       | SLOW |              |          |          |
| pio_C_io<2>                        | IOB33            | BIDIR     | LVCMOS33             |       | 12       | SLOW |              |          |          |
| pio_C_io<3>                        | IOB33            | BIDIR     | LVCMOS33             |       | 12       | SLOW |              |          |          |
| pio_C_io<4>                        | IOB33            | BIDIR     | LVCMOS33             |       | 12       | SLOW |              |          |          |
| pio_C_io<5>                        | IOB33            | BIDIR     | LVCMOS33             |       | 12       | SLOW |              |          |          |
| pio_C_io<6>                        | IOB33            | BIDIR     | LVCMOS33             |       | 12       | SLOW |              |          |          |
| pio_C_io<7>                        | IOB33            | BIDIR     | LVCMOS33             |       | 12       | SLOW |              |          |          |
| pio_D_o<0>                         | IOB33            | OUTPUT    | LVCMOS33             |       | 12       | SLOW |              |          |          |
| pio_D_o<1>                         | IOB33            | OUTPUT    | LVCMOS33             |       | 12       | SLOW |              |          |          |
| pio_D_o<2>                         | IOB33            | OUTPUT    | LVCMOS33             |       | 12       | SLOW |              |          |          |
| pio_D_o<3>                         | IOB33            | OUTPUT    | LVCMOS33             |       | 12       | SLOW |              |          |          |
| pio_D_o<4>                         | IOB33            | OUTPUT    | LVCMOS33             |       | 12       | SLOW |              |          |          |
| pio_D_o<5>                         | IOB33            | OUTPUT    | LVCMOS33             |       | 12       | SLOW |              |          |          |
| pio_D_o<6>                         | IOB33            | OUTPUT    | LVCMOS33             |       | 12       | SLOW |              |          |          |
| pio_D_o<7>                         | IOB33            | OUTPUT    | LVCMOS33             |       | 12       | SLOW |              |          |          |
| rst_i                              | IOB33            | INPUT     | LVCMOS33             |       |          |      |              |          |          |
| sel_bus_o<0>                       | IOB33            | OUTPUT    | LVCMOS33             |       | 12       | SLOW |              |          |          |
| sel_bus_o<1>                       | IOB33            | OUTPUT    | LVCMOS33             |       | 12       | SLOW |              |          |          |
| sel_bus_o<2>                       | IOB33            | OUTPUT    | LVCMOS33             |       | 12       | SLOW |              |          |          |
| sel_ser_i2c_o                      | IOB33            | OUTPUT    | LVCMOS33             |       | 12       | SLOW |              |          |          |
+---------------------------------------------------------------------------------------------------------------------------------------------------------+

Section 7 - RPMs
----------------

Section 8 - Guide Report
------------------------
Guide not run on this design.

Section 9 - Area Group and Partition Summary
--------------------------------------------

Partition Implementation Status
-------------------------------

  No Partitions were found in this design.

-------------------------------

Area Group Information
----------------------

  No area groups were found in this design.

----------------------

Section 10 - Timing Report
--------------------------
A logic-level (pre-route) timing report can be generated by using Xilinx static
timing analysis tools, Timing Analyzer (GUI) or TRCE (command line), with the
mapped NCD and PCF files. Please note that this timing report will be generated
using estimated delay information. For accurate numbers, please generate a
timing report with the post Place and Route NCD file.

For more information about the Timing Analyzer, consult the Xilinx Timing
Analyzer Reference Manual; for more information about TRCE, consult the Xilinx
Command Line Tools User Guide "TRACE" chapter.

Section 11 - Configuration String Details
-----------------------------------------
Use the "-detail" map option to print out Configuration Strings

Section 12 - Control Set Information
------------------------------------
Use the "-detail" map option to print out Control Set Information.

Section 13 - Utilization by Hierarchy
-------------------------------------
Use the "-detail" map option to print out the Utilization by Hierarchy section.
